[17:14:59] [main/INFO]: ModLauncher running: args [--username, SulOmteA, --version, Mod v6, --gameDir, C:\Users\JPAzo\AppData\Roaming\.minecraft\versions\Mod v6, --assetsDir, C:\Users\JPAzo\AppData\Roaming\.minecraft\assets, --assetIndex, 5, --uuid, 153975009819421fa6e0f2ed5a376217, --accessToken, ????????, --clientId, null, --xuid, null, --userType, mojang, --versionType, modified, --width, 925, --height, 530, --launchTarget, forgeclient, --fml.forgeVersion, 47.4.10, --fml.mcVersion, 1.20.1, --fml.forgeGroup, net.minecraftforge, --fml.mcpVersion, 20230612.114412]
[17:14:59] [main/INFO]: ModLauncher 10.0.9+10.0.9+main.dcd20f30 starting: java version 17.0.15 by Microsoft; OS Windows 10 arch amd64 version 10.0
[17:15:01] [main/INFO]: Loading ImmediateWindowProvider fmlearlywindow
[17:15:01] [main/INFO]: Trying GL version 4.6
[17:15:01] [main/INFO]: Requested GL version 4.6 got version 4.6
[17:15:01] [main/INFO]: SpongePowered MIXIN Subsystem Version=0.8.5 Source=union:/C:/Users/JPAzo/AppData/Roaming/.minecraft/libraries/org/spongepowered/mixin/0.8.5/mixin-0.8.5.jar%23100!/ Service=ModLauncher Env=CLIENT
[17:15:01] [pool-2-thread-1/INFO]: GL info: NVIDIA GeForce GTX 1650 SUPER/PCIe/SSE2 GL version 4.6.0 NVIDIA 591.74, NVIDIA Corporation
[17:15:02] [main/INFO]: Found mod file accessories-neoforge-1.0.0-beta.48+1.20.1.jar of type MOD with provider {mods folder locator at C:\Users\JPAzo\AppData\Roaming\.minecraft\versions\Mod v6\mods}
[17:15:02] [main/INFO]: Found mod file ad_astra-forge-1.20.1-1.15.20.jar of type MOD with provider {mods folder locator at C:\Users\JPAzo\AppData\Roaming\.minecraft\versions\Mod v6\mods}
[17:15:02] [main/INFO]: Found mod file ad_astra_more_structures-1.0.0.jar of type MOD with provider {mods folder locator at C:\Users\JPAzo\AppData\Roaming\.minecraft\versions\Mod v6\mods}
[17:15:02] [main/INFO]: Found mod file adastradelight-1.1.2-1.20.1.jar of type MOD with provider {mods folder locator at C:\Users\JPAzo\AppData\Roaming\.minecraft\versions\Mod v6\mods}
[17:15:02] [main/INFO]: Found mod file adastraextra-forge-1.20.1-1.2.3.jar of type MOD with provider {mods folder locator at C:\Users\JPAzo\AppData\Roaming\.minecraft\versions\Mod v6\mods}
[17:15:02] [main/INFO]: Found mod file addonslib-1.20.1-1.7.jar of type MOD with provider {mods folder locator at C:\Users\JPAzo\AppData\Roaming\.minecraft\versions\Mod v6\mods}
[17:15:02] [main/INFO]: Found mod file aether-1.20.1-1.5.2-neoforge.jar of type MOD with provider {mods folder locator at C:\Users\JPAzo\AppData\Roaming\.minecraft\versions\Mod v6\mods}
[17:15:02] [main/INFO]: Found mod file alexsartifacts-1.0.2.2-1.20.1.jar of type MOD with provider {mods folder locator at C:\Users\JPAzo\AppData\Roaming\.minecraft\versions\Mod v6\mods}
[17:15:02] [main/INFO]: Found mod file alexscaves-2.0.2.jar of type MOD with provider {mods folder locator at C:\Users\JPAzo\AppData\Roaming\.minecraft\versions\Mod v6\mods}
[17:15:02] [main/INFO]: Found mod file alexscavesbettercombat.jar of type MOD with provider {mods folder locator at C:\Users\JPAzo\AppData\Roaming\.minecraft\versions\Mod v6\mods}
[17:15:02] [main/INFO]: Found mod file alexscavesdelight-1.0.27-final.jar of type MOD with provider {mods folder locator at C:\Users\JPAzo\AppData\Roaming\.minecraft\versions\Mod v6\mods}
[17:15:02] [main/INFO]: Found mod file alexsdelight-1.5.jar of type MOD with provider {mods folder locator at C:\Users\JPAzo\AppData\Roaming\.minecraft\versions\Mod v6\mods}
[17:15:02] [main/INFO]: Found mod file alexsmobs-1.22.9.jar of type MOD with provider {mods folder locator at C:\Users\JPAzo\AppData\Roaming\.minecraft\versions\Mod v6\mods}
[17:15:02] [main/INFO]: Found mod file alternate_current-mc1.20-1.7.0.jar of type MOD with provider {mods folder locator at C:\Users\JPAzo\AppData\Roaming\.minecraft\versions\Mod v6\mods}
[17:15:02] [main/INFO]: Found mod file Apotheosis-1.20.1-7.4.8.jar of type MOD with provider {mods folder locator at C:\Users\JPAzo\AppData\Roaming\.minecraft\versions\Mod v6\mods}
[17:15:02] [main/INFO]: Found mod file apotheosisartifacts-1.0.1.2-1.20.1-beta.jar of type MOD with provider {mods folder locator at C:\Users\JPAzo\AppData\Roaming\.minecraft\versions\Mod v6\mods}
[17:15:02] [main/INFO]: Found mod file ApothicAttributes-1.20.1-1.3.7.jar of type MOD with provider {mods folder locator at C:\Users\JPAzo\AppData\Roaming\.minecraft\versions\Mod v6\mods}
[17:15:02] [main/INFO]: Found mod file ApothicCombat-1.20.1-1.1.0.jar of type MOD with provider {mods folder locator at C:\Users\JPAzo\AppData\Roaming\.minecraft\versions\Mod v6\mods}
[17:15:02] [main/INFO]: Found mod file appleskin-forge-mc1.20.1-2.5.1.jar of type MOD with provider {mods folder locator at C:\Users\JPAzo\AppData\Roaming\.minecraft\versions\Mod v6\mods}
[17:15:02] [main/INFO]: Found mod file Aquaculture-1.20.1-2.5.7.jar of type MOD with provider {mods folder locator at C:\Users\JPAzo\AppData\Roaming\.minecraft\versions\Mod v6\mods}
[17:15:02] [main/INFO]: Found mod file aquaculturedelight-1.1.1-forge-1.20.1.jar of type MOD with provider {mods folder locator at C:\Users\JPAzo\AppData\Roaming\.minecraft\versions\Mod v6\mods}
[17:15:02] [main/INFO]: Found mod file architectury-9.2.14-forge.jar of type MOD with provider {mods folder locator at C:\Users\JPAzo\AppData\Roaming\.minecraft\versions\Mod v6\mods}
[17:15:02] [main/INFO]: Found mod file artifacts-forge-9.5.16.jar of type MOD with provider {mods folder locator at C:\Users\JPAzo\AppData\Roaming\.minecraft\versions\Mod v6\mods}
[17:15:02] [main/INFO]: Found mod file artifactsdelight-1.0.2.2-1.20.1.jar of type MOD with provider {mods folder locator at C:\Users\JPAzo\AppData\Roaming\.minecraft\versions\Mod v6\mods}
[17:15:02] [main/INFO]: Found mod file AttributeFix-Forge-1.20.1-21.0.4.jar of type MOD with provider {mods folder locator at C:\Users\JPAzo\AppData\Roaming\.minecraft\versions\Mod v6\mods}
[17:15:02] [main/INFO]: Found mod file bc_particle-0.0.4-forge-1.20.1.jar of type MOD with provider {mods folder locator at C:\Users\JPAzo\AppData\Roaming\.minecraft\versions\Mod v6\mods}
[17:15:02] [main/INFO]: Found mod file bettercombat-forge-1.9.0%2B1.20.1.jar of type MOD with provider {mods folder locator at C:\Users\JPAzo\AppData\Roaming\.minecraft\versions\Mod v6\mods}
[17:15:02] [main/INFO]: Found mod file betterfpsdist-1.20.1-6.0.jar of type MOD with provider {mods folder locator at C:\Users\JPAzo\AppData\Roaming\.minecraft\versions\Mod v6\mods}
[17:15:02] [main/INFO]: Found mod file bettervillage-forge-1.20.1-3.3.1-all.jar of type MOD with provider {mods folder locator at C:\Users\JPAzo\AppData\Roaming\.minecraft\versions\Mod v6\mods}
[17:15:02] [main/INFO]: Found mod file BiomesOPlenty-forge-1.20.1-19.0.0.96.jar of type MOD with provider {mods folder locator at C:\Users\JPAzo\AppData\Roaming\.minecraft\versions\Mod v6\mods}
[17:15:02] [main/INFO]: Found mod file BOMD-Forge-1.20.1-1.1.2.jar of type MOD with provider {mods folder locator at C:\Users\JPAzo\AppData\Roaming\.minecraft\versions\Mod v6\mods}
[17:15:02] [main/INFO]: Found mod file Bookshelf-Forge-1.20.1-20.2.13.jar of type MOD with provider {mods folder locator at C:\Users\JPAzo\AppData\Roaming\.minecraft\versions\Mod v6\mods}
[17:15:02] [main/INFO]: Found mod file bossesrise-1.20.1-forge-1.0.9.2b.jar of type MOD with provider {mods folder locator at C:\Users\JPAzo\AppData\Roaming\.minecraft\versions\Mod v6\mods}
[17:15:02] [main/INFO]: Found mod file botarium-forge-1.20.1-2.3.4.jar of type MOD with provider {mods folder locator at C:\Users\JPAzo\AppData\Roaming\.minecraft\versions\Mod v6\mods}
[17:15:02] [main/INFO]: Found mod file bumblezonedelight-1.0.0-1.20.1.jar of type MOD with provider {mods folder locator at C:\Users\JPAzo\AppData\Roaming\.minecraft\versions\Mod v6\mods}
[17:15:02] [main/INFO]: Found mod file Butchersdelight beta 1.20.1 2.1.0.jar of type MOD with provider {mods folder locator at C:\Users\JPAzo\AppData\Roaming\.minecraft\versions\Mod v6\mods}
[17:15:02] [main/INFO]: Found mod file Butchersdelight Foods beta 1.20.1 1.0.3.jar of type MOD with provider {mods folder locator at C:\Users\JPAzo\AppData\Roaming\.minecraft\versions\Mod v6\mods}
[17:15:02] [main/INFO]: Found mod file carryon-forge-1.20.1-2.1.2.7.jar of type MOD with provider {mods folder locator at C:\Users\JPAzo\AppData\Roaming\.minecraft\versions\Mod v6\mods}
[17:15:02] [main/INFO]: Found mod file cataclysmartifacts-1.0.4.2-1.20.1.jar of type MOD with provider {mods folder locator at C:\Users\JPAzo\AppData\Roaming\.minecraft\versions\Mod v6\mods}
[17:15:02] [main/INFO]: Found mod file cataclysmfortresses-1.20.1-Forge.jar of type MOD with provider {mods folder locator at C:\Users\JPAzo\AppData\Roaming\.minecraft\versions\Mod v6\mods}
[17:15:02] [main/INFO]: Found mod file celestisynth-1.20.1-1.3.3-all.jar of type MOD with provider {mods folder locator at C:\Users\JPAzo\AppData\Roaming\.minecraft\versions\Mod v6\mods}
[17:15:02] [main/INFO]: Found mod file CerbonsAPI-Forge-1.20.1-1.1.0.jar of type MOD with provider {mods folder locator at C:\Users\JPAzo\AppData\Roaming\.minecraft\versions\Mod v6\mods}
[17:15:02] [main/INFO]: Found mod file chefsdelight-1.0.4-forge-1.20.1.jar of type MOD with provider {mods folder locator at C:\Users\JPAzo\AppData\Roaming\.minecraft\versions\Mod v6\mods}
[17:15:02] [main/INFO]: Found mod file Chunky-1.3.146.jar of type MOD with provider {mods folder locator at C:\Users\JPAzo\AppData\Roaming\.minecraft\versions\Mod v6\mods}
[17:15:02] [main/INFO]: Found mod file citadel-2.6.3-1.20.1.jar of type MOD with provider {mods folder locator at C:\Users\JPAzo\AppData\Roaming\.minecraft\versions\Mod v6\mods}
[17:15:02] [main/INFO]: Found mod file cloth-config-11.1.136-forge.jar of type MOD with provider {mods folder locator at C:\Users\JPAzo\AppData\Roaming\.minecraft\versions\Mod v6\mods}
[17:15:02] [main/INFO]: Found mod file Clumps-forge-1.20.1-12.0.0.4.jar of type MOD with provider {mods folder locator at C:\Users\JPAzo\AppData\Roaming\.minecraft\versions\Mod v6\mods}
[17:15:02] [main/INFO]: Found mod file CoffeeDelight-Forge-1.20.1-1.5-Fix.jar of type MOD with provider {mods folder locator at C:\Users\JPAzo\AppData\Roaming\.minecraft\versions\Mod v6\mods}
[17:15:02] [main/INFO]: Found mod file configured-forge-1.20.1-2.2.3.jar of type MOD with provider {mods folder locator at C:\Users\JPAzo\AppData\Roaming\.minecraft\versions\Mod v6\mods}
[17:15:02] [main/INFO]: Found mod file connectedglass-1.1.14-forge-mc1.20.1.jar of type MOD with provider {mods folder locator at C:\Users\JPAzo\AppData\Roaming\.minecraft\versions\Mod v6\mods}
[17:15:02] [main/INFO]: Found mod file Corgilib-Forge-1.20.1-4.0.3.4.jar of type MOD with provider {mods folder locator at C:\Users\JPAzo\AppData\Roaming\.minecraft\versions\Mod v6\mods}
[17:15:02] [main/INFO]: Found mod file cosmeticarmorreworked-1.20.1-v1a.jar of type MOD with provider {mods folder locator at C:\Users\JPAzo\AppData\Roaming\.minecraft\versions\Mod v6\mods}
[17:15:02] [main/INFO]: Found mod file cratedelight-25.09.22-1.20-forge.jar of type MOD with provider {mods folder locator at C:\Users\JPAzo\AppData\Roaming\.minecraft\versions\Mod v6\mods}
[17:15:02] [main/INFO]: Found mod file create-1.20.1-6.0.8.jar of type MOD with provider {mods folder locator at C:\Users\JPAzo\AppData\Roaming\.minecraft\versions\Mod v6\mods}
[17:15:02] [main/INFO]: Found mod file create_connected-1.1.10-mc1.20.1-all.jar of type MOD with provider {mods folder locator at C:\Users\JPAzo\AppData\Roaming\.minecraft\versions\Mod v6\mods}
[17:15:02] [main/INFO]: Found mod file create_ultimate_factory-2.2.2-forge-1.20.1.jar of type MOD with provider {mods folder locator at C:\Users\JPAzo\AppData\Roaming\.minecraft\versions\Mod v6\mods}
[17:15:02] [main/INFO]: Found mod file createaddition-1.20.1-1.3.3.jar of type MOD with provider {mods folder locator at C:\Users\JPAzo\AppData\Roaming\.minecraft\versions\Mod v6\mods}
[17:15:02] [main/INFO]: Found mod file createartifactscompat-1.0.2.3-1.20.1.jar of type MOD with provider {mods folder locator at C:\Users\JPAzo\AppData\Roaming\.minecraft\versions\Mod v6\mods}
[17:15:02] [main/INFO]: Found mod file createbetterfps-1.20.1-1.1.1.jar of type MOD with provider {mods folder locator at C:\Users\JPAzo\AppData\Roaming\.minecraft\versions\Mod v6\mods}
[17:15:02] [main/INFO]: Found mod file createdieselgenerators-1.20.1-1.3.8.jar of type MOD with provider {mods folder locator at C:\Users\JPAzo\AppData\Roaming\.minecraft\versions\Mod v6\mods}
[17:15:02] [main/INFO]: Found mod file createimmersivetacz-1.4-1.20.1.jar of type MOD with provider {mods folder locator at C:\Users\JPAzo\AppData\Roaming\.minecraft\versions\Mod v6\mods}
[17:15:02] [main/INFO]: Found mod file createoreexcavation-1.20-1.6.5.jar of type MOD with provider {mods folder locator at C:\Users\JPAzo\AppData\Roaming\.minecraft\versions\Mod v6\mods}
[17:15:02] [main/INFO]: Found mod file CreativeCore_FORGE_v2.12.32_mc1.20.1.jar of type MOD with provider {mods folder locator at C:\Users\JPAzo\AppData\Roaming\.minecraft\versions\Mod v6\mods}
[17:15:02] [main/INFO]: Found mod file crittersandcompanions-forge-1.20.1-2.3.5.jar of type MOD with provider {mods folder locator at C:\Users\JPAzo\AppData\Roaming\.minecraft\versions\Mod v6\mods}
[17:15:02] [main/INFO]: Found mod file Croptopia-1.20.1-FORGE-3.0.4.jar of type MOD with provider {mods folder locator at C:\Users\JPAzo\AppData\Roaming\.minecraft\versions\Mod v6\mods}
[17:15:02] [main/INFO]: Found mod file croptopiadelight-1.3.2.jar of type MOD with provider {mods folder locator at C:\Users\JPAzo\AppData\Roaming\.minecraft\versions\Mod v6\mods}
[17:15:02] [main/INFO]: Found mod file culturaldelights-0.16.5.jar of type MOD with provider {mods folder locator at C:\Users\JPAzo\AppData\Roaming\.minecraft\versions\Mod v6\mods}
[17:15:02] [main/INFO]: Found mod file cupboard-1.20.1-2.7.jar of type MOD with provider {mods folder locator at C:\Users\JPAzo\AppData\Roaming\.minecraft\versions\Mod v6\mods}
[17:15:02] [main/INFO]: Found mod file curios-forge-5.14.1+1.20.1.jar of type MOD with provider {mods folder locator at C:\Users\JPAzo\AppData\Roaming\.minecraft\versions\Mod v6\mods}
[17:15:02] [main/INFO]: Found mod file curios_for_ammo_box-1.0.0.jar of type MOD with provider {mods folder locator at C:\Users\JPAzo\AppData\Roaming\.minecraft\versions\Mod v6\mods}
[17:15:02] [main/INFO]: Found mod file Data_Anchor-forge-1.20.1-1.0.0.20.jar of type MOD with provider {mods folder locator at C:\Users\JPAzo\AppData\Roaming\.minecraft\versions\Mod v6\mods}
[17:15:02] [main/INFO]: Found mod file Dungeon Crawl-1.20.1-2.3.15.jar of type MOD with provider {mods folder locator at C:\Users\JPAzo\AppData\Roaming\.minecraft\versions\Mod v6\mods}
[17:15:02] [main/INFO]: Found mod file DungeonsArise-1.20.x-2.1.58-release.jar of type MOD with provider {mods folder locator at C:\Users\JPAzo\AppData\Roaming\.minecraft\versions\Mod v6\mods}
[17:15:02] [main/INFO]: Found mod file DungeonsAriseSevenSeas-1.20.x-1.0.2-forge.jar of type MOD with provider {mods folder locator at C:\Users\JPAzo\AppData\Roaming\.minecraft\versions\Mod v6\mods}
[17:15:02] [main/INFO]: Found mod file Dynamic%20Trees%20BWG-1.20.1-1.0.9.jar of type MOD with provider {mods folder locator at C:\Users\JPAzo\AppData\Roaming\.minecraft\versions\Mod v6\mods}
[17:15:02] [main/INFO]: Found mod file DynamicTrees-1.20.1-1.4.10.jar of type MOD with provider {mods folder locator at C:\Users\JPAzo\AppData\Roaming\.minecraft\versions\Mod v6\mods}
[17:15:02] [main/INFO]: Found mod file DynamicTreesAether-1.20.1-1.3.3.jar of type MOD with provider {mods folder locator at C:\Users\JPAzo\AppData\Roaming\.minecraft\versions\Mod v6\mods}
[17:15:02] [main/INFO]: Found mod file DynamicTreesBOP-1.20.1-3.3.3.jar of type MOD with provider {mods folder locator at C:\Users\JPAzo\AppData\Roaming\.minecraft\versions\Mod v6\mods}
[17:15:02] [main/INFO]: Found mod file DynamicTreesCroptopia-1.20.1-1.0.0.jar of type MOD with provider {mods folder locator at C:\Users\JPAzo\AppData\Roaming\.minecraft\versions\Mod v6\mods}
[17:15:02] [main/INFO]: Found mod file DynamicTreesPlus-1.20.1-1.2.2.jar of type MOD with provider {mods folder locator at C:\Users\JPAzo\AppData\Roaming\.minecraft\versions\Mod v6\mods}
[17:15:02] [main/INFO]: Found mod file DynamicTreesTerralith-1.20.1-1.2.6.jar of type MOD with provider {mods folder locator at C:\Users\JPAzo\AppData\Roaming\.minecraft\versions\Mod v6\mods}
[17:15:02] [main/INFO]: Found mod file DynamicTreesTheTwilightForest-1.20.1-2.2.0.jar of type MOD with provider {mods folder locator at C:\Users\JPAzo\AppData\Roaming\.minecraft\versions\Mod v6\mods}
[17:15:02] [main/INFO]: Found mod file dynamicvillage-v0.4-1.20.1.jar of type MOD with provider {mods folder locator at C:\Users\JPAzo\AppData\Roaming\.minecraft\versions\Mod v6\mods}
[17:15:02] [main/INFO]: Found mod file embeddium-0.3.31+mc1.20.1.jar of type MOD with provider {mods folder locator at C:\Users\JPAzo\AppData\Roaming\.minecraft\versions\Mod v6\mods}
[17:15:02] [main/INFO]: Found mod file enchanted_arsenal-1.0.1-forge-1.20.1.jar of type MOD with provider {mods folder locator at C:\Users\JPAzo\AppData\Roaming\.minecraft\versions\Mod v6\mods}
[17:15:02] [main/INFO]: Found mod file EnchantmentDescriptions-Forge-1.20.1-17.1.20.jar of type MOD with provider {mods folder locator at C:\Users\JPAzo\AppData\Roaming\.minecraft\versions\Mod v6\mods}
[17:15:02] [main/INFO]: Found mod file ends_delight-2.5.1+forge.1.20.1.jar of type MOD with provider {mods folder locator at C:\Users\JPAzo\AppData\Roaming\.minecraft\versions\Mod v6\mods}
[17:15:02] [main/INFO]: Found mod file Enhanced-Celestials-forge-1.20.1-5.0.3.1.jar of type MOD with provider {mods folder locator at C:\Users\JPAzo\AppData\Roaming\.minecraft\versions\Mod v6\mods}
[17:15:02] [main/INFO]: Found mod file entityculling-forge-1.9.5-mc1.20.1.jar of type MOD with provider {mods folder locator at C:\Users\JPAzo\AppData\Roaming\.minecraft\versions\Mod v6\mods}
[17:15:02] [main/INFO]: Found mod file EpheroLib-1.20.1-FORGE-1.2.0.jar of type MOD with provider {mods folder locator at C:\Users\JPAzo\AppData\Roaming\.minecraft\versions\Mod v6\mods}
[17:15:02] [main/INFO]: Found mod file Explorify v1.6.4 f15-88.mod.jar of type MOD with provider {mods folder locator at C:\Users\JPAzo\AppData\Roaming\.minecraft\versions\Mod v6\mods}
[17:15:02] [main/INFO]: Found mod file fantasy_armor-forge-1.2-1.20.1.jar of type MOD with provider {mods folder locator at C:\Users\JPAzo\AppData\Roaming\.minecraft\versions\Mod v6\mods}
[17:15:02] [main/INFO]: Found mod file fantasy_weapons-forge-0.4-1.20.1.jar of type MOD with provider {mods folder locator at C:\Users\JPAzo\AppData\Roaming\.minecraft\versions\Mod v6\mods}
[17:15:02] [main/INFO]: Found mod file FarmersDelight-1.20.1-1.2.9.jar of type MOD with provider {mods folder locator at C:\Users\JPAzo\AppData\Roaming\.minecraft\versions\Mod v6\mods}
[17:15:02] [main/INFO]: Found mod file ferritecore-6.0.1-forge.jar of type MOD with provider {mods folder locator at C:\Users\JPAzo\AppData\Roaming\.minecraft\versions\Mod v6\mods}
[17:15:02] [main/INFO]: Found mod file flib-1.20.1-0.0.15.jar of type MOD with provider {mods folder locator at C:\Users\JPAzo\AppData\Roaming\.minecraft\versions\Mod v6\mods}
[17:15:02] [main/INFO]: Found mod file fusion-1.2.12-forge-mc1.20.1.jar of type MOD with provider {mods folder locator at C:\Users\JPAzo\AppData\Roaming\.minecraft\versions\Mod v6\mods}
[17:15:02] [main/INFO]: Found mod file geckolib-forge-1.20.1-4.8.2.jar of type MOD with provider {mods folder locator at C:\Users\JPAzo\AppData\Roaming\.minecraft\versions\Mod v6\mods}
[17:15:02] [main/INFO]: Found mod file GlitchCore-forge-1.20.1-0.0.1.1.jar of type MOD with provider {mods folder locator at C:\Users\JPAzo\AppData\Roaming\.minecraft\versions\Mod v6\mods}
[17:15:02] [main/INFO]: Found mod file gpumemleakfix-1.20.1-1.8.jar of type MOD with provider {mods folder locator at C:\Users\JPAzo\AppData\Roaming\.minecraft\versions\Mod v6\mods}
[17:15:02] [main/INFO]: Found mod file guardvillagers-1.20.1-1.6.15.jar of type MOD with provider {mods folder locator at C:\Users\JPAzo\AppData\Roaming\.minecraft\versions\Mod v6\mods}
[17:15:02] [main/INFO]: Found mod file ImmediatelyFast-Forge-1.5.4+1.20.4.jar of type MOD with provider {mods folder locator at C:\Users\JPAzo\AppData\Roaming\.minecraft\versions\Mod v6\mods}
[17:15:02] [main/INFO]: Found mod file immersive_armors-1.7.1+1.20.1-forge.jar of type MOD with provider {mods folder locator at C:\Users\JPAzo\AppData\Roaming\.minecraft\versions\Mod v6\mods}
[17:15:02] [main/INFO]: Found mod file ironchest-1.20.1-14.4.4.jar of type MOD with provider {mods folder locator at C:\Users\JPAzo\AppData\Roaming\.minecraft\versions\Mod v6\mods}
[17:15:02] [main/INFO]: Found mod file ironfurnaces-1.20.1-4.1.6.jar of type MOD with provider {mods folder locator at C:\Users\JPAzo\AppData\Roaming\.minecraft\versions\Mod v6\mods}
[17:15:02] [main/INFO]: Found mod file irons_spellbooks-1.20.1-3.15.0.jar of type MOD with provider {mods folder locator at C:\Users\JPAzo\AppData\Roaming\.minecraft\versions\Mod v6\mods}
[17:15:02] [main/INFO]: Found mod file irons_spells_dynamic_skilltree_1.1.0.jar of type MOD with provider {mods folder locator at C:\Users\JPAzo\AppData\Roaming\.minecraft\versions\Mod v6\mods}
[17:15:02] [main/INFO]: Found mod file ironsspellsartifacts-1.0.2.2-1.20.1.jar of type MOD with provider {mods folder locator at C:\Users\JPAzo\AppData\Roaming\.minecraft\versions\Mod v6\mods}
[17:15:02] [main/INFO]: Found mod file ItemProductionLib-1.20.1-1.0.2a-all.jar of type MOD with provider {mods folder locator at C:\Users\JPAzo\AppData\Roaming\.minecraft\versions\Mod v6\mods}
[17:15:02] [main/INFO]: Found mod file Jade-1.20.1-Forge-11.13.2.jar of type MOD with provider {mods folder locator at C:\Users\JPAzo\AppData\Roaming\.minecraft\versions\Mod v6\mods}
[17:15:02] [main/INFO]: Found mod file JadeAddons-1.20.1-Forge-5.5.0.jar of type MOD with provider {mods folder locator at C:\Users\JPAzo\AppData\Roaming\.minecraft\versions\Mod v6\mods}
[17:15:02] [main/INFO]: Found mod file jamlib-forge-1.3.5+1.20.1.jar of type MOD with provider {mods folder locator at C:\Users\JPAzo\AppData\Roaming\.minecraft\versions\Mod v6\mods}
[17:15:02] [main/INFO]: Found mod file jei-1.20.1-forge-15.20.0.129.jar of type MOD with provider {mods folder locator at C:\Users\JPAzo\AppData\Roaming\.minecraft\versions\Mod v6\mods}
[17:15:02] [main/INFO]: Found mod file jet_and_elias_armors-1.4-1.20.1.jar of type MOD with provider {mods folder locator at C:\Users\JPAzo\AppData\Roaming\.minecraft\versions\Mod v6\mods}
[17:15:02] [main/INFO]: Found mod file kotlinforforge-4.12.0-all.jar of type LIBRARY with provider {mods folder locator at C:\Users\JPAzo\AppData\Roaming\.minecraft\versions\Mod v6\mods}
[17:15:02] [main/INFO]: Found mod file KryptonReforged-0.2.3.jar of type MOD with provider {mods folder locator at C:\Users\JPAzo\AppData\Roaming\.minecraft\versions\Mod v6\mods}
[17:15:02] [main/INFO]: Found mod file L_Enders_Cataclysm-3.16.jar of type MOD with provider {mods folder locator at C:\Users\JPAzo\AppData\Roaming\.minecraft\versions\Mod v6\mods}
[17:15:02] [main/INFO]: Found mod file libraryferret-forge-1.20.1-4.0.0.jar of type MOD with provider {mods folder locator at C:\Users\JPAzo\AppData\Roaming\.minecraft\versions\Mod v6\mods}
[17:15:02] [main/INFO]: Found mod file lionfishapi-2.4-Fix.jar of type MOD with provider {mods folder locator at C:\Users\JPAzo\AppData\Roaming\.minecraft\versions\Mod v6\mods}
[17:15:02] [main/INFO]: Found mod file lootintegration_wda-1.7.jar of type MOD with provider {mods folder locator at C:\Users\JPAzo\AppData\Roaming\.minecraft\versions\Mod v6\mods}
[17:15:02] [main/INFO]: Found mod file lootintegrations-1.20.1-4.7.jar of type MOD with provider {mods folder locator at C:\Users\JPAzo\AppData\Roaming\.minecraft\versions\Mod v6\mods}
[17:15:02] [main/INFO]: Found mod file lootintegrations_cataclysm-1.1.jar of type MOD with provider {mods folder locator at C:\Users\JPAzo\AppData\Roaming\.minecraft\versions\Mod v6\mods}
[17:15:02] [main/INFO]: Found mod file lootintegrations_yungs-1.4.jar of type MOD with provider {mods folder locator at C:\Users\JPAzo\AppData\Roaming\.minecraft\versions\Mod v6\mods}
[17:15:02] [main/INFO]: Found mod file lootr-forge-1.20-0.7.35.94.jar of type MOD with provider {mods folder locator at C:\Users\JPAzo\AppData\Roaming\.minecraft\versions\Mod v6\mods}
[17:15:02] [main/INFO]: Found mod file lrtactical-1.20.1-0.3.0.jar of type MOD with provider {mods folder locator at C:\Users\JPAzo\AppData\Roaming\.minecraft\versions\Mod v6\mods}
[17:15:02] [main/INFO]: Found mod file macawsroofsbyg-1.20.1-1.0.jar of type MOD with provider {mods folder locator at C:\Users\JPAzo\AppData\Roaming\.minecraft\versions\Mod v6\mods}
[17:15:02] [main/INFO]: Found mod file majrusz-library-forge-1.20.1-7.0.8.jar of type MOD with provider {mods folder locator at C:\Users\JPAzo\AppData\Roaming\.minecraft\versions\Mod v6\mods}
[17:15:02] [main/INFO]: Found mod file majruszs-accessories-forge-1.20.1-1.5.3.jar of type MOD with provider {mods folder locator at C:\Users\JPAzo\AppData\Roaming\.minecraft\versions\Mod v6\mods}
[17:15:02] [main/INFO]: Found mod file majruszs-enchantments-forge-1.20.1-1.10.8.jar of type MOD with provider {mods folder locator at C:\Users\JPAzo\AppData\Roaming\.minecraft\versions\Mod v6\mods}
[17:15:02] [main/INFO]: Found mod file mcw-furniture-3.4.1-mc1.20.1forge.jar of type MOD with provider {mods folder locator at C:\Users\JPAzo\AppData\Roaming\.minecraft\versions\Mod v6\mods}
[17:15:02] [main/INFO]: Found mod file mcw-mcwfences-1.2.1-mc1.20.1forge.jar of type MOD with provider {mods folder locator at C:\Users\JPAzo\AppData\Roaming\.minecraft\versions\Mod v6\mods}
[17:15:02] [main/INFO]: Found mod file mcw-roofs-2.3.2-mc1.20.1forge.jar of type MOD with provider {mods folder locator at C:\Users\JPAzo\AppData\Roaming\.minecraft\versions\Mod v6\mods}
[17:15:02] [main/INFO]: Found mod file mcwbiomesoplenty-1.20.1-1.5.jar of type MOD with provider {mods folder locator at C:\Users\JPAzo\AppData\Roaming\.minecraft\versions\Mod v6\mods}
[17:15:02] [main/INFO]: Found mod file mcwbyg-1.20.1-1.5.jar of type MOD with provider {mods folder locator at C:\Users\JPAzo\AppData\Roaming\.minecraft\versions\Mod v6\mods}
[17:15:02] [main/INFO]: Found mod file mcwfencesbyg-1.20.1-1.1.jar of type MOD with provider {mods folder locator at C:\Users\JPAzo\AppData\Roaming\.minecraft\versions\Mod v6\mods}
[17:15:02] [main/INFO]: Found mod file mcwfurnituresbop-1.20-1.2.jar of type MOD with provider {mods folder locator at C:\Users\JPAzo\AppData\Roaming\.minecraft\versions\Mod v6\mods}
[17:15:02] [main/INFO]: Found mod file mcwfurnituresbyg-1.20.1-1.0.jar of type MOD with provider {mods folder locator at C:\Users\JPAzo\AppData\Roaming\.minecraft\versions\Mod v6\mods}
[17:15:02] [main/INFO]: Found mod file memoryleakfix-forge-1.17+-1.1.4.jar of type MOD with provider {mods folder locator at C:\Users\JPAzo\AppData\Roaming\.minecraft\versions\Mod v6\mods}
[17:15:02] [main/INFO]: Found mod file modernfix-forge-5.26.2%2Bmc1.20.1.jar of type MOD with provider {mods folder locator at C:\Users\JPAzo\AppData\Roaming\.minecraft\versions\Mod v6\mods}
[17:15:02] [main/INFO]: Found mod file moonlight-1.20-2.16.23-forge.jar of type MOD with provider {mods folder locator at C:\Users\JPAzo\AppData\Roaming\.minecraft\versions\Mod v6\mods}
[17:15:02] [main/INFO]: Found mod file moreartifacts-1.5.0-1.20.1.jar of type MOD with provider {mods folder locator at C:\Users\JPAzo\AppData\Roaming\.minecraft\versions\Mod v6\mods}
[17:15:02] [main/INFO]: Found mod file MouseTweaks-forge-mc1.20.1-2.25.1.jar of type MOD with provider {mods folder locator at C:\Users\JPAzo\AppData\Roaming\.minecraft\versions\Mod v6\mods}
[17:15:02] [main/INFO]: Found mod file mowzies_cataclysm-1.2.0.jar of type MOD with provider {mods folder locator at C:\Users\JPAzo\AppData\Roaming\.minecraft\versions\Mod v6\mods}
[17:15:02] [main/INFO]: Found mod file mowziesartifacts-1.0.1-1.20.1.jar of type MOD with provider {mods folder locator at C:\Users\JPAzo\AppData\Roaming\.minecraft\versions\Mod v6\mods}
[17:15:02] [main/INFO]: Found mod file mowziesdelight-1.1.3-1.20.1.jar of type MOD with provider {mods folder locator at C:\Users\JPAzo\AppData\Roaming\.minecraft\versions\Mod v6\mods}
[17:15:02] [main/INFO]: Found mod file mowziesmobs-1.7.3.jar of type MOD with provider {mods folder locator at C:\Users\JPAzo\AppData\Roaming\.minecraft\versions\Mod v6\mods}
[17:15:02] [main/INFO]: Found mod file nethersdelight-1.20.1-4.0.jar of type MOD with provider {mods folder locator at C:\Users\JPAzo\AppData\Roaming\.minecraft\versions\Mod v6\mods}
[17:15:02] [main/INFO]: Found mod file noisium-forge-2.3.0+mc1.20-1.20.1.jar of type MOD with provider {mods folder locator at C:\Users\JPAzo\AppData\Roaming\.minecraft\versions\Mod v6\mods}
[17:15:02] [main/INFO]: Found mod file notenoughanimations-forge-1.11.1-mc1.20.1.jar of type MOD with provider {mods folder locator at C:\Users\JPAzo\AppData\Roaming\.minecraft\versions\Mod v6\mods}
[17:15:02] [main/INFO]: Found mod file OctoLib-FORGE-0.5.0.1+1.20.1.jar of type MOD with provider {mods folder locator at C:\Users\JPAzo\AppData\Roaming\.minecraft\versions\Mod v6\mods}
[17:15:02] [main/INFO]: Found mod file oculus-mc1.20.1-1.8.0.jar of type MOD with provider {mods folder locator at C:\Users\JPAzo\AppData\Roaming\.minecraft\versions\Mod v6\mods}
[17:15:02] [main/INFO]: Found mod file Oh-The-Biomes-Weve-Gone-Forge-1.7.4.jar of type MOD with provider {mods folder locator at C:\Users\JPAzo\AppData\Roaming\.minecraft\versions\Mod v6\mods}
[17:15:02] [main/INFO]: Found mod file Oh-The-Trees-Youll-Grow-forge-1.20.1-1.5.0.jar of type MOD with provider {mods folder locator at C:\Users\JPAzo\AppData\Roaming\.minecraft\versions\Mod v6\mods}
[17:15:02] [main/INFO]: Found mod file Omega%20Recon%203.1.0%20for%20Forge%201.20.1.jar of type MOD with provider {mods folder locator at C:\Users\JPAzo\AppData\Roaming\.minecraft\versions\Mod v6\mods}
[17:15:02] [main/INFO]: Found mod file PassiveSkillTree-1.20.1-BETA-0.6.14a-all.jar of type MOD with provider {mods folder locator at C:\Users\JPAzo\AppData\Roaming\.minecraft\versions\Mod v6\mods}
[17:15:02] [main/INFO]: Found mod file passiveskilltreeadditions-1.1.1.jar of type MOD with provider {mods folder locator at C:\Users\JPAzo\AppData\Roaming\.minecraft\versions\Mod v6\mods}
[17:15:02] [main/INFO]: Found mod file Patchouli-1.20.1-84.1-FORGE.jar of type MOD with provider {mods folder locator at C:\Users\JPAzo\AppData\Roaming\.minecraft\versions\Mod v6\mods}
[17:15:02] [main/INFO]: Found mod file Placebo-1.20.1-8.6.3.jar of type MOD with provider {mods folder locator at C:\Users\JPAzo\AppData\Roaming\.minecraft\versions\Mod v6\mods}
[17:15:02] [main/INFO]: Found mod file player-animation-lib-forge-1.0.2-rc1+1.20.jar of type MOD with provider {mods folder locator at C:\Users\JPAzo\AppData\Roaming\.minecraft\versions\Mod v6\mods}
[17:15:02] [main/INFO]: Found mod file PlayerRevive_FORGE_v2.0.31_mc1.20.1.jar of type MOD with provider {mods folder locator at C:\Users\JPAzo\AppData\Roaming\.minecraft\versions\Mod v6\mods}
[17:15:02] [main/INFO]: Found mod file pufferfish_unofficial_additions-1.20.1-2.2.4-all.jar of type MOD with provider {mods folder locator at C:\Users\JPAzo\AppData\Roaming\.minecraft\versions\Mod v6\mods}
[17:15:02] [main/INFO]: Found mod file puffish_attributes-0.8.1-1.20-forge.jar of type MOD with provider {mods folder locator at C:\Users\JPAzo\AppData\Roaming\.minecraft\versions\Mod v6\mods}
[17:15:02] [main/INFO]: Found mod file puffish_skills-0.17.1-1.20-forge.jar of type MOD with provider {mods folder locator at C:\Users\JPAzo\AppData\Roaming\.minecraft\versions\Mod v6\mods}
[17:15:02] [main/INFO]: Found mod file radium-mc1.20.1-0.12.4+git.26c9d8e.jar of type MOD with provider {mods folder locator at C:\Users\JPAzo\AppData\Roaming\.minecraft\versions\Mod v6\mods}
[17:15:02] [main/INFO]: Found mod file rarcompat-1.20.1-0.5.jar of type MOD with provider {mods folder locator at C:\Users\JPAzo\AppData\Roaming\.minecraft\versions\Mod v6\mods}
[17:15:02] [main/INFO]: Found mod file recruits-1.20.1-1.14.2.2.jar of type MOD with provider {mods folder locator at C:\Users\JPAzo\AppData\Roaming\.minecraft\versions\Mod v6\mods}
[17:15:02] [main/INFO]: Found mod file relics-1.20.1-0.8.0.11.jar of type MOD with provider {mods folder locator at C:\Users\JPAzo\AppData\Roaming\.minecraft\versions\Mod v6\mods}
[17:15:02] [main/INFO]: Found mod file resourcefulconfig-forge-1.20.1-2.1.3.jar of type MOD with provider {mods folder locator at C:\Users\JPAzo\AppData\Roaming\.minecraft\versions\Mod v6\mods}
[17:15:02] [main/INFO]: Found mod file resourcefullib-forge-1.20.1-2.1.29.jar of type MOD with provider {mods folder locator at C:\Users\JPAzo\AppData\Roaming\.minecraft\versions\Mod v6\mods}
[17:15:02] [main/INFO]: Found mod file Ribbits-1.20.1-Forge-3.0.5.jar of type MOD with provider {mods folder locator at C:\Users\JPAzo\AppData\Roaming\.minecraft\versions\Mod v6\mods}
[17:15:02] [main/INFO]: Found mod file rightclickharvest-forge-4.6.1+1.20.1.jar of type MOD with provider {mods folder locator at C:\Users\JPAzo\AppData\Roaming\.minecraft\versions\Mod v6\mods}
[17:15:02] [main/INFO]: Found mod file rubidium-extra-0.5.4.4+mc1.20.1-build.131.jar of type MOD with provider {mods folder locator at C:\Users\JPAzo\AppData\Roaming\.minecraft\versions\Mod v6\mods}
[17:15:02] [main/INFO]: Found mod file servercore-forge-1.5.2+1.20.1.jar of type MOD with provider {mods folder locator at C:\Users\JPAzo\AppData\Roaming\.minecraft\versions\Mod v6\mods}
[17:15:02] [main/INFO]: Found mod file SkyVillages-1.0.4-1.19.2-1.20.1-forge-release.jar of type MOD with provider {mods folder locator at C:\Users\JPAzo\AppData\Roaming\.minecraft\versions\Mod v6\mods}
[17:15:02] [main/INFO]: Found mod file sliceanddice-forge-3.6.0.jar of type MOD with provider {mods folder locator at C:\Users\JPAzo\AppData\Roaming\.minecraft\versions\Mod v6\mods}
[17:15:02] [main/INFO]: Found mod file SmartBrainLib-neoforge-1.20.1-1.15.jar of type MOD with provider {mods folder locator at C:\Users\JPAzo\AppData\Roaming\.minecraft\versions\Mod v6\mods}
[17:15:02] [main/INFO]: Found mod file sophisticatedbackpacks-1.20.1-3.24.20.1500.jar of type MOD with provider {mods folder locator at C:\Users\JPAzo\AppData\Roaming\.minecraft\versions\Mod v6\mods}
[17:15:02] [main/INFO]: Found mod file sophisticatedcore-1.20.1-1.3.0.1439.jar of type MOD with provider {mods folder locator at C:\Users\JPAzo\AppData\Roaming\.minecraft\versions\Mod v6\mods}
[17:15:02] [main/INFO]: Found mod file spark-1.10.53-forge.jar of type MOD with provider {mods folder locator at C:\Users\JPAzo\AppData\Roaming\.minecraft\versions\Mod v6\mods}
[17:15:02] [main/INFO]: Found mod file SpartanShields-1.20.1-forge-3.1.1.jar of type MOD with provider {mods folder locator at C:\Users\JPAzo\AppData\Roaming\.minecraft\versions\Mod v6\mods}
[17:15:02] [main/INFO]: Found mod file SpartanShieldsTFC-1.20.1-forge-1.0.0.jar of type MOD with provider {mods folder locator at C:\Users\JPAzo\AppData\Roaming\.minecraft\versions\Mod v6\mods}
[17:15:02] [main/INFO]: Found mod file spartantoolkit-1.20.1-1.6.1.jar of type MOD with provider {mods folder locator at C:\Users\JPAzo\AppData\Roaming\.minecraft\versions\Mod v6\mods}
[17:15:02] [main/INFO]: Found mod file spartantwilight-1.20.1-3.1.1.jar of type MOD with provider {mods folder locator at C:\Users\JPAzo\AppData\Roaming\.minecraft\versions\Mod v6\mods}
[17:15:02] [main/INFO]: Found mod file SpartanWeaponry-1.20.1-forge-3.2.1-all.jar of type MOD with provider {mods folder locator at C:\Users\JPAzo\AppData\Roaming\.minecraft\versions\Mod v6\mods}
[17:15:02] [main/INFO]: Found mod file spiral_tower_village-0.0.2.jar of type MOD with provider {mods folder locator at C:\Users\JPAzo\AppData\Roaming\.minecraft\versions\Mod v6\mods}
[17:15:02] [main/INFO]: Found mod file Steam_Rails-1.6.15-beta+forge-mc1.20.1.jar of type MOD with provider {mods folder locator at C:\Users\JPAzo\AppData\Roaming\.minecraft\versions\Mod v6\mods}
[17:15:02] [main/INFO]: Found mod file supermartijn642corelib-1.1.20-forge-mc1.20.1.jar of type MOD with provider {mods folder locator at C:\Users\JPAzo\AppData\Roaming\.minecraft\versions\Mod v6\mods}
[17:15:02] [main/INFO]: Found mod file tacz-1.20.1-1.1.7-hotfix.jar of type MOD with provider {mods folder locator at C:\Users\JPAzo\AppData\Roaming\.minecraft\versions\Mod v6\mods}
[17:15:02] [main/INFO]: Found mod file tacz_c-1.0.2-forge-1.20.1.jar of type MOD with provider {mods folder locator at C:\Users\JPAzo\AppData\Roaming\.minecraft\versions\Mod v6\mods}
[17:15:02] [main/INFO]: Found mod file tacz_turrets-1.0.1-all.jar of type MOD with provider {mods folder locator at C:\Users\JPAzo\AppData\Roaming\.minecraft\versions\Mod v6\mods}
[17:15:02] [main/INFO]: Found mod file taczaddon-1.20.1-1.1.6.jar of type MOD with provider {mods folder locator at C:\Users\JPAzo\AppData\Roaming\.minecraft\versions\Mod v6\mods}
[17:15:02] [main/INFO]: Found mod file taczxgunlightsaddon-1.20.1-1.0.7.jar of type MOD with provider {mods folder locator at C:\Users\JPAzo\AppData\Roaming\.minecraft\versions\Mod v6\mods}
[17:15:02] [main/INFO]: Found mod file TerraBlender-forge-1.20.1-3.0.1.10.jar of type MOD with provider {mods folder locator at C:\Users\JPAzo\AppData\Roaming\.minecraft\versions\Mod v6\mods}
[17:15:02] [main/INFO]: Found mod file TerraFirmaCraft-Forge-1.20.1-3.2.20.jar of type MOD with provider {mods folder locator at C:\Users\JPAzo\AppData\Roaming\.minecraft\versions\Mod v6\mods}
[17:15:02] [main/INFO]: Found mod file Terralith_1.20.x_v2.5.4.jar of type MOD with provider {mods folder locator at C:\Users\JPAzo\AppData\Roaming\.minecraft\versions\Mod v6\mods}
[17:15:02] [main/INFO]: Found mod file tfc_items-1.20.1-forge-1.1.1.jar of type MOD with provider {mods folder locator at C:\Users\JPAzo\AppData\Roaming\.minecraft\versions\Mod v6\mods}
[17:15:02] [main/INFO]: Found mod file tfmg-1.0.2f.jar of type MOD with provider {mods folder locator at C:\Users\JPAzo\AppData\Roaming\.minecraft\versions\Mod v6\mods}
[17:15:02] [main/INFO]: Found mod file the_bumblezone-7.9.8%2B1.20.1-forge.jar of type MOD with provider {mods folder locator at C:\Users\JPAzo\AppData\Roaming\.minecraft\versions\Mod v6\mods}
[17:15:02] [main/INFO]: Found mod file Timeless_GoreEngine0.81_1.20.1.jar of type MOD with provider {mods folder locator at C:\Users\JPAzo\AppData\Roaming\.minecraft\versions\Mod v6\mods}
[17:15:02] [main/INFO]: Found mod file tl_skin_cape_forge_1.20_1.20.1-1.32.jar of type MOD with provider {mods folder locator at C:\Users\JPAzo\AppData\Roaming\.minecraft\versions\Mod v6\mods}
[17:15:02] [main/INFO]: Found mod file twilightdelight-2.0.19.jar of type MOD with provider {mods folder locator at C:\Users\JPAzo\AppData\Roaming\.minecraft\versions\Mod v6\mods}
[17:15:02] [main/INFO]: Found mod file twilightforest-1.20.1-4.3.2508-universal.jar of type MOD with provider {mods folder locator at C:\Users\JPAzo\AppData\Roaming\.minecraft\versions\Mod v6\mods}
[17:15:02] [main/INFO]: Found mod file twilightforestartifacts-1.0.2.2-1.20.1.jar of type MOD with provider {mods folder locator at C:\Users\JPAzo\AppData\Roaming\.minecraft\versions\Mod v6\mods}
[17:15:02] [main/INFO]: Found mod file useful_ribbits-1.0.2-forge-1.20.1.jar of type MOD with provider {mods folder locator at C:\Users\JPAzo\AppData\Roaming\.minecraft\versions\Mod v6\mods}
[17:15:02] [main/INFO]: Found mod file villagertools-1.20.1-1.0.3.jar of type MOD with provider {mods folder locator at C:\Users\JPAzo\AppData\Roaming\.minecraft\versions\Mod v6\mods}
[17:15:02] [main/INFO]: Found mod file wandering_ribbit-3.0.0-forge-1.20.1.jar of type MOD with provider {mods folder locator at C:\Users\JPAzo\AppData\Roaming\.minecraft\versions\Mod v6\mods}
[17:15:02] [main/INFO]: Found mod file workers-1.20.1-1.7.9.1.jar of type MOD with provider {mods folder locator at C:\Users\JPAzo\AppData\Roaming\.minecraft\versions\Mod v6\mods}
[17:15:02] [main/INFO]: Found mod file xaerominimap-forge-1.20.1-25.3.5.jar of type MOD with provider {mods folder locator at C:\Users\JPAzo\AppData\Roaming\.minecraft\versions\Mod v6\mods}
[17:15:02] [main/INFO]: Found mod file xaeroworldmap-forge-1.20.1-1.40.6.jar of type MOD with provider {mods folder locator at C:\Users\JPAzo\AppData\Roaming\.minecraft\versions\Mod v6\mods}
[17:15:02] [main/INFO]: Found mod file YungsApi-1.20-Forge-4.0.6.jar of type MOD with provider {mods folder locator at C:\Users\JPAzo\AppData\Roaming\.minecraft\versions\Mod v6\mods}
[17:15:02] [main/INFO]: Found mod file YungsBetterCaves-1.20.1-Forge-2.0.5.jar of type MOD with provider {mods folder locator at C:\Users\JPAzo\AppData\Roaming\.minecraft\versions\Mod v6\mods}
[17:15:02] [main/INFO]: Found mod file YungsBetterDesertTemples-1.20-Forge-3.0.3.jar of type MOD with provider {mods folder locator at C:\Users\JPAzo\AppData\Roaming\.minecraft\versions\Mod v6\mods}
[17:15:02] [main/INFO]: Found mod file YungsBetterDungeons-1.20-Forge-4.0.4.jar of type MOD with provider {mods folder locator at C:\Users\JPAzo\AppData\Roaming\.minecraft\versions\Mod v6\mods}
[17:15:02] [main/INFO]: Found mod file YungsBetterEndIsland-1.20-Forge-2.0.6.jar of type MOD with provider {mods folder locator at C:\Users\JPAzo\AppData\Roaming\.minecraft\versions\Mod v6\mods}
[17:15:02] [main/INFO]: Found mod file YungsBetterJungleTemples-1.20-Forge-2.0.5.jar of type MOD with provider {mods folder locator at C:\Users\JPAzo\AppData\Roaming\.minecraft\versions\Mod v6\mods}
[17:15:02] [main/INFO]: Found mod file YungsBetterMineshafts-1.20-Forge-4.0.4.jar of type MOD with provider {mods folder locator at C:\Users\JPAzo\AppData\Roaming\.minecraft\versions\Mod v6\mods}
[17:15:02] [main/INFO]: Found mod file YungsBetterNetherFortresses-1.20-Forge-2.0.6.jar of type MOD with provider {mods folder locator at C:\Users\JPAzo\AppData\Roaming\.minecraft\versions\Mod v6\mods}
[17:15:02] [main/INFO]: Found mod file YungsBetterOceanMonuments-1.20-Forge-3.0.4.jar of type MOD with provider {mods folder locator at C:\Users\JPAzo\AppData\Roaming\.minecraft\versions\Mod v6\mods}
[17:15:02] [main/INFO]: Found mod file YungsBetterStrongholds-1.20-Forge-4.0.3.jar of type MOD with provider {mods folder locator at C:\Users\JPAzo\AppData\Roaming\.minecraft\versions\Mod v6\mods}
[17:15:02] [main/INFO]: Found mod file YungsBetterWitchHuts-1.20-Forge-3.0.3.jar of type MOD with provider {mods folder locator at C:\Users\JPAzo\AppData\Roaming\.minecraft\versions\Mod v6\mods}
[17:15:02] [main/INFO]: Found mod file YungsCaveBiomes-1.20.1-Forge-2.0.5.jar of type MOD with provider {mods folder locator at C:\Users\JPAzo\AppData\Roaming\.minecraft\versions\Mod v6\mods}
[17:15:02] [main/INFO]: Found mod file YungsExtras-1.20-Forge-4.0.3.jar of type MOD with provider {mods folder locator at C:\Users\JPAzo\AppData\Roaming\.minecraft\versions\Mod v6\mods}
[17:15:02] [main/WARN]: Mod file C:\Users\JPAzo\AppData\Roaming\.minecraft\libraries\net\minecraftforge\fmlcore\1.20.1-47.4.10\fmlcore-1.20.1-47.4.10.jar is missing mods.toml file
[17:15:02] [main/WARN]: Mod file C:\Users\JPAzo\AppData\Roaming\.minecraft\libraries\net\minecraftforge\javafmllanguage\1.20.1-47.4.10\javafmllanguage-1.20.1-47.4.10.jar is missing mods.toml file
[17:15:02] [main/WARN]: Mod file C:\Users\JPAzo\AppData\Roaming\.minecraft\libraries\net\minecraftforge\lowcodelanguage\1.20.1-47.4.10\lowcodelanguage-1.20.1-47.4.10.jar is missing mods.toml file
[17:15:02] [main/WARN]: Mod file C:\Users\JPAzo\AppData\Roaming\.minecraft\libraries\net\minecraftforge\mclanguage\1.20.1-47.4.10\mclanguage-1.20.1-47.4.10.jar is missing mods.toml file
[17:15:02] [main/INFO]: Found mod file fmlcore-1.20.1-47.4.10.jar of type LIBRARY with provider net.minecraftforge.fml.loading.moddiscovery.MinecraftLocator@7dff6d05
[17:15:02] [main/INFO]: Found mod file javafmllanguage-1.20.1-47.4.10.jar of type LANGPROVIDER with provider net.minecraftforge.fml.loading.moddiscovery.MinecraftLocator@7dff6d05
[17:15:02] [main/INFO]: Found mod file lowcodelanguage-1.20.1-47.4.10.jar of type LANGPROVIDER with provider net.minecraftforge.fml.loading.moddiscovery.MinecraftLocator@7dff6d05
[17:15:02] [main/INFO]: Found mod file mclanguage-1.20.1-47.4.10.jar of type LANGPROVIDER with provider net.minecraftforge.fml.loading.moddiscovery.MinecraftLocator@7dff6d05
[17:15:02] [main/INFO]: Found mod file client-1.20.1-20230612.114412-srg.jar of type MOD with provider net.minecraftforge.fml.loading.moddiscovery.MinecraftLocator@7dff6d05
[17:15:02] [main/INFO]: Found mod file forge-1.20.1-47.4.10-universal.jar of type MOD with provider net.minecraftforge.fml.loading.moddiscovery.MinecraftLocator@7dff6d05
[17:15:03] [main/WARN]: Attempted to select a dependency jar for JarJar which was passed in as source: smartbrainlib. Using Mod File: C:\Users\JPAzo\AppData\Roaming\.minecraft\versions\Mod v6\mods\SmartBrainLib-neoforge-1.20.1-1.15.jar
[17:15:03] [main/WARN]: Attempted to select a dependency jar for JarJar which was passed in as source: geckolib. Using Mod File: C:\Users\JPAzo\AppData\Roaming\.minecraft\versions\Mod v6\mods\geckolib-forge-1.20.1-4.8.2.jar
[17:15:03] [main/WARN]: Attempted to select a dependency jar for JarJar which was passed in as source: curios. Using Mod File: C:\Users\JPAzo\AppData\Roaming\.minecraft\versions\Mod v6\mods\curios-forge-5.14.1+1.20.1.jar
[17:15:03] [main/INFO]: Found 43 dependencies adding them to mods collection
[17:15:03] [main/INFO]: Found mod file bcel-6.6.1.jar of type GAMELIBRARY with provider net.minecraftforge.fml.loading.moddiscovery.JarInJarDependencyLocator@1fc713c9
[17:15:03] [main/INFO]: Found mod file fabric-api-base-0.4.31+ef105b4977.jar of type MOD with provider net.minecraftforge.fml.loading.moddiscovery.JarInJarDependencyLocator@1fc713c9
[17:15:03] [main/INFO]: Found mod file MixinExtras-0.5.0.jar of type GAMELIBRARY with provider net.minecraftforge.fml.loading.moddiscovery.JarInJarDependencyLocator@1fc713c9
[17:15:03] [main/INFO]: Found mod file Reflect-1.6.1+curseforge.jar of type GAMELIBRARY with provider net.minecraftforge.fml.loading.moddiscovery.JarInJarDependencyLocator@1fc713c9
[17:15:03] [main/INFO]: Found mod file mixinsquared-forge-0.1.1.jar of type GAMELIBRARY with provider net.minecraftforge.fml.loading.moddiscovery.JarInJarDependencyLocator@1fc713c9
[17:15:03] [main/INFO]: Found mod file mixinextras-forge-0.5.0.jar of type GAMELIBRARY with provider net.minecraftforge.fml.loading.moddiscovery.JarInJarDependencyLocator@1fc713c9
[17:15:03] [main/INFO]: Found mod file dazzleconf-core-1.3.0-M2.jar of type GAMELIBRARY with provider net.minecraftforge.fml.loading.moddiscovery.JarInJarDependencyLocator@1fc713c9
[17:15:03] [main/INFO]: Found mod file Ponder-Forge-1.20.1-1.0.91.jar of type MOD with provider net.minecraftforge.fml.loading.moddiscovery.JarInJarDependencyLocator@1fc713c9
[17:15:03] [main/INFO]: Found mod file Registrate-MC1.20-1.3.3.jar of type GAMELIBRARY with provider net.minecraftforge.fml.loading.moddiscovery.JarInJarDependencyLocator@1fc713c9
[17:15:03] [main/INFO]: Found mod file gson-0.1.5.jar of type GAMELIBRARY with provider net.minecraftforge.fml.loading.moddiscovery.JarInJarDependencyLocator@1fc713c9
[17:15:03] [main/INFO]: Found mod file netty-0.1.4.jar of type GAMELIBRARY with provider net.minecraftforge.fml.loading.moddiscovery.JarInJarDependencyLocator@1fc713c9
[17:15:03] [main/INFO]: Found mod file xaerolib-forge-1.20.1-1.0.45.jar of type MOD with provider net.minecraftforge.fml.loading.moddiscovery.JarInJarDependencyLocator@1fc713c9
[17:15:03] [main/INFO]: Found mod file mclib-20.jar of type GAMELIBRARY with provider net.minecraftforge.fml.loading.moddiscovery.JarInJarDependencyLocator@1fc713c9
[17:15:03] [main/INFO]: Found mod file TRender-1.0.10-1.20.1-forge-SNAPSHOT.jar of type MOD with provider net.minecraftforge.fml.loading.moddiscovery.JarInJarDependencyLocator@1fc713c9
[17:15:03] [main/INFO]: Found mod file snakeyaml-2.2.jar of type GAMELIBRARY with provider net.minecraftforge.fml.loading.moddiscovery.JarInJarDependencyLocator@1fc713c9
[17:15:03] [main/INFO]: Found mod file endec-0.1.8.jar of type GAMELIBRARY with provider net.minecraftforge.fml.loading.moddiscovery.JarInJarDependencyLocator@1fc713c9
[17:15:03] [main/INFO]: Found mod file kffmod-4.12.0.jar of type MOD with provider net.minecraftforge.fml.loading.moddiscovery.JarInJarDependencyLocator@1fc713c9
[17:15:03] [main/INFO]: Found mod file l2serial-1.2.0.jar of type GAMELIBRARY with provider net.minecraftforge.fml.loading.moddiscovery.JarInJarDependencyLocator@1fc713c9
[17:15:03] [main/INFO]: Found mod file bytecodecs-1.0.2.jar of type GAMELIBRARY with provider net.minecraftforge.fml.loading.moddiscovery.JarInJarDependencyLocator@1fc713c9
[17:15:03] [main/INFO]: Found mod file flywheel-forge-1.20.1-1.0.5.jar of type MOD with provider net.minecraftforge.fml.loading.moddiscovery.JarInJarDependencyLocator@1fc713c9
[17:15:03] [main/INFO]: Found mod file jcpp-1.4.14.jar of type GAMELIBRARY with provider net.minecraftforge.fml.loading.moddiscovery.JarInJarDependencyLocator@1fc713c9
[17:15:03] [main/INFO]: Found mod file MixinSquared-0.1.1.jar of type GAMELIBRARY with provider net.minecraftforge.fml.loading.moddiscovery.JarInJarDependencyLocator@1fc713c9
[17:15:03] [main/INFO]: Found mod file fabric-data-attachment-api-v1-1.0.0+30ef839e77.jar of type MOD with provider net.minecraftforge.fml.loading.moddiscovery.JarInJarDependencyLocator@1fc713c9
[17:15:03] [main/INFO]: Found mod file kfflang-4.12.0.jar of type LANGPROVIDER with provider net.minecraftforge.fml.loading.moddiscovery.JarInJarDependencyLocator@1fc713c9
[17:15:03] [main/INFO]: Found mod file mixinextras-forge-0.2.0-beta.9.jar of type GAMELIBRARY with provider net.minecraftforge.fml.loading.moddiscovery.JarInJarDependencyLocator@1fc713c9
[17:15:03] [main/INFO]: Found mod file luaj-jse-3.0.8-figura.jar of type GAMELIBRARY with provider net.minecraftforge.fml.loading.moddiscovery.JarInJarDependencyLocator@1fc713c9
[17:15:03] [main/INFO]: Found mod file fabric-entity-events-v1-1.6.0+6274ab9d77.jar of type MOD with provider net.minecraftforge.fml.loading.moddiscovery.JarInJarDependencyLocator@1fc713c9
[17:15:03] [main/INFO]: Found mod file luaj-core-3.0.8-figura.jar of type GAMELIBRARY with provider net.minecraftforge.fml.loading.moddiscovery.JarInJarDependencyLocator@1fc713c9
[17:15:03] [main/INFO]: Found mod file cumulus_menus-1.20.1-1.0.1-neoforge.jar of type MOD with provider net.minecraftforge.fml.loading.moddiscovery.JarInJarDependencyLocator@1fc713c9
[17:15:03] [main/INFO]: Found mod file jankson-1.2.3.jar of type GAMELIBRARY with provider net.minecraftforge.fml.loading.moddiscovery.JarInJarDependencyLocator@1fc713c9
[17:15:03] [main/INFO]: Found mod file yabn-1.0.3.jar of type GAMELIBRARY with provider net.minecraftforge.fml.loading.moddiscovery.JarInJarDependencyLocator@1fc713c9
[17:15:03] [main/INFO]: Found mod file fabric-object-builder-api-v1-11.1.3+2174fc8477.jar of type MOD with provider net.minecraftforge.fml.loading.moddiscovery.JarInJarDependencyLocator@1fc713c9
[17:15:03] [main/INFO]: Found mod file TRansition-1.0.11-1.20.1-forge-SNAPSHOT.jar of type MOD with provider net.minecraftforge.fml.loading.moddiscovery.JarInJarDependencyLocator@1fc713c9
[17:15:03] [main/INFO]: Found mod file nitrogen_internals-1.20.1-1.0.12-neoforge.jar of type MOD with provider net.minecraftforge.fml.loading.moddiscovery.JarInJarDependencyLocator@1fc713c9
[17:15:03] [main/INFO]: Found mod file kfflib-4.12.0.jar of type GAMELIBRARY with provider net.minecraftforge.fml.loading.moddiscovery.JarInJarDependencyLocator@1fc713c9
[17:15:03] [main/INFO]: Found mod file l2library-2.4.16-slim.jar of type MOD with provider net.minecraftforge.fml.loading.moddiscovery.JarInJarDependencyLocator@1fc713c9
[17:15:03] [main/INFO]: Found mod file dazzleconf-ext-snakeyaml-1.3.0-M2.jar of type GAMELIBRARY with provider net.minecraftforge.fml.loading.moddiscovery.JarInJarDependencyLocator@1fc713c9
[17:15:03] [main/INFO]: Found mod file expandability-forge-9.0.4.jar of type MOD with provider net.minecraftforge.fml.loading.moddiscovery.JarInJarDependencyLocator@1fc713c9
[17:15:03] [main/INFO]: Found mod file jlayer-1.0.1.jar of type GAMELIBRARY with provider net.minecraftforge.fml.loading.moddiscovery.JarInJarDependencyLocator@1fc713c9
[17:15:03] [main/INFO]: Found mod file capabilitysyncer-1.20.1-4.0.1.jar of type GAMELIBRARY with provider net.minecraftforge.fml.loading.moddiscovery.JarInJarDependencyLocator@1fc713c9
[17:15:03] [main/INFO]: Found mod file athena-forge-1.20.1-3.1.1.jar of type MOD with provider net.minecraftforge.fml.loading.moddiscovery.JarInJarDependencyLocator@1fc713c9
[17:15:03] [main/INFO]: Found mod file commons-math3-3.6.1.jar of type GAMELIBRARY with provider net.minecraftforge.fml.loading.moddiscovery.JarInJarDependencyLocator@1fc713c9
[17:15:03] [main/INFO]: Found mod file NanoLiveConfig-1.2.1.jar of type GAMELIBRARY with provider net.minecraftforge.fml.loading.moddiscovery.JarInJarDependencyLocator@1fc713c9
[17:15:08] [main/INFO]: Compatibility level set to JAVA_17
[17:15:08] [main/ERROR]: Mixin config celestisynth.mixins.json does not specify "minVersion" property
[17:15:08] [main/ERROR]: Mixin config fabric-data-attachment-api-v1.mixins.json does not specify "minVersion" property
[17:15:08] [main/ERROR]: Mixin config fabric-data-attachment-api-v1.client.mixins.json does not specify "minVersion" property
[17:15:09] [main/INFO]: Successfully loaded Mixin Connector [org.tlauncher.MixinConnector]
[17:15:09] [main/INFO]: Launching target 'forgeclient' with arguments [--version, Mod v6, --gameDir, C:\Users\JPAzo\AppData\Roaming\.minecraft\versions\Mod v6, --assetsDir, C:\Users\JPAzo\AppData\Roaming\.minecraft\assets, --uuid, 153975009819421fa6e0f2ed5a376217, --username, SulOmteA, --assetIndex, 5, --accessToken, ????????, --clientId, null, --xuid, null, --userType, mojang, --versionType, modified, --width, 925, --height, 530]
[17:15:09] [main/INFO]: Loaded configuration file for ModernFix 5.26.2+mc1.20.1: 98 options available, 0 override(s) found
[17:15:09] [main/INFO]: Applying Nashorn fix
[17:15:09] [main/INFO]: Applied Forge config corruption patch
[17:15:09] [main/INFO]: Configuring Minecraft's max.bg.threads option with 9 threads
[17:15:09] [main/WARN]: Mod 'tfc' attempted to override option 'mixin.features.fast_biome_colors', which doesn't exist, ignoring
[17:15:09] [main/INFO]: Loaded configuration file for Embeddium: 284 options available, 3 override(s) found
[17:15:09] [main/INFO]: Searching for graphics cards...
[17:15:09] [main/INFO]: Found graphics card: GraphicsAdapterInfo[vendor=NVIDIA, name=NVIDIA GeForce GTX 1650 SUPER, version=DriverVersion=32.0.15.9174]
[17:15:09] [main/INFO]: Found graphics card: GraphicsAdapterInfo[vendor=INTEL, name=Intel(R) UHD Graphics 630, version=DriverVersion=31.0.101.2115]
[17:15:09] [main/INFO]: Found graphics card: GraphicsAdapterInfo[vendor=AMD, name=AMD Radeon RX 580 2048SP, version=DriverVersion=31.0.21923.11000]
[17:15:09] [main/WARN]: Embeddium has applied one or more workarounds to prevent crashes or other issues on your system: [NVIDIA_THREADED_OPTIMIZATIONS]
[17:15:09] [main/WARN]: This is not necessarily an issue, but it may result in certain features or optimizations being disabled. You can sometimes fix these issues by upgrading your graphics driver.
[17:15:10] [main/WARN]: Reference map 'yungsextras.refmap.json' for yungsextras.mixins.json could not be read. If this is a development environment you can ignore this message
[17:15:10] [main/WARN]: Reference map 'yungsextras.refmap.json' for yungsextras_forge.mixins.json could not be read. If this is a development environment you can ignore this message
[17:15:10] [main/WARN]: Reference map 'nitrogen_internals.refmap.json' for nitrogen_internals.mixins.json could not be read. If this is a development environment you can ignore this message
[17:15:10] [main/INFO]: Loaded configuration file for Radium: 125 options available, 1 override(s) found
[17:15:10] [main/WARN]: Reference map 'EpheroLib-refmap.json' for epherolib.mixins.json could not be read. If this is a development environment you can ignore this message
[17:15:10] [main/WARN]: Reference map 'mixins.block_factorys_bosses.refmap.json' for mixins.block_factorys_bosses.json could not be read. If this is a development environment you can ignore this message
[17:15:10] [main/WARN]: Reference map 'curiosable_ammo_box.refmap.json' for curios_for_ammo_box.mixins.json could not be read. If this is a development environment you can ignore this message
[17:15:10] [main/WARN]: Reference map 'curiosable_ammo_box.refmap.json' for curios_for_ammo_box.taczaddon.mixins.json could not be read. If this is a development environment you can ignore this message
[17:15:10] [main/INFO]: Loaded configuration file for Sodium Extra: 35 options available, 0 override(s) found
[17:15:10] [main/WARN]: Reference map 'CerbonsAPI-Forge-1.20.1-forge-refmap.json' for cerbons_api.mixins.json could not be read. If this is a development environment you can ignore this message
[17:15:10] [main/WARN]: Reference map 'Create-The_Factory_Must_Grow.refmap.json' for tfmg.mixins.json could not be read. If this is a development environment you can ignore this message
[17:15:11] [main/INFO]: Replaced 2 calls to Enchantment#getMaxLevel() in net/minecraft/world/inventory/AnvilMenu
[17:15:11] [main/WARN]: Error loading class: org/violetmoon/quark/content/tweaks/module/GoldToolsHaveFortuneModule (java.lang.ClassNotFoundException: org.violetmoon.quark.content.tweaks.module.GoldToolsHaveFortuneModule)
[17:15:11] [main/INFO]: Patching IForgeItemStack#getEnchantmentLevel
[17:15:11] [main/INFO]: Patching IForgeItemStack#getEnchantmentLevel
[17:15:11] [main/INFO]: Patching IForgeItemStack#getEnchantmentLevel
[17:15:11] [main/INFO]: Patching IForgeItemStack#getEnchantmentLevel
[17:15:11] [main/WARN]: Error loading class: com/hollingsworth/arsnouveau/common/items/SpellCrossbow (java.lang.ClassNotFoundException: com.hollingsworth.arsnouveau.common.items.SpellCrossbow)
[17:15:11] [main/WARN]: Error loading class: org/violetmoon/quark/content/client/tooltip/AttributeTooltips (java.lang.ClassNotFoundException: org.violetmoon.quark.content.client.tooltip.AttributeTooltips)
[17:15:12] [main/WARN]: Error loading class: mekanism/client/render/entity/RenderFlame (java.lang.ClassNotFoundException: mekanism.client.render.entity.RenderFlame)
[17:15:12] [main/WARN]: Error loading class: mekanism/client/render/armor/MekaSuitArmor (java.lang.ClassNotFoundException: mekanism.client.render.armor.MekaSuitArmor)
[17:15:12] [main/INFO]: Patching FishingHook#catchingFish
[17:15:12] [main/WARN]: Force-disabling mixin 'alloc.blockstate.StateMixin' as option 'mixin.alloc.blockstate' (added by mods [ferritecore]) disables it and children
[17:15:12] [main/WARN]: Error loading class: loaderCommon/forge/com/seibel/distanthorizons/common/wrappers/worldGeneration/mimicObject/ChunkLoader (java.lang.ClassNotFoundException: loaderCommon.forge.com.seibel.distanthorizons.common.wrappers.worldGeneration.mimicObject.ChunkLoader)
[17:15:12] [main/WARN]: Error loading class: tfar/davespotioneering/blockentity/AdvancedBrewingStandBlockEntity (java.lang.ClassNotFoundException: tfar.davespotioneering.blockentity.AdvancedBrewingStandBlockEntity)
[17:15:12] [main/WARN]: @Mixin target tfar.davespotioneering.blockentity.AdvancedBrewingStandBlockEntity was not found itemproductionlib.mixins.json:davespotioneering/AdvancedBrewingStandBlockEntityMixin
[17:15:12] [main/WARN]: Error loading class: fuzs/visualworkbench/world/inventory/ModCraftingMenu (java.lang.ClassNotFoundException: fuzs.visualworkbench.world.inventory.ModCraftingMenu)
[17:15:12] [main/WARN]: @Mixin target fuzs.visualworkbench.world.inventory.ModCraftingMenu was not found itemproductionlib.mixins.json:visualworkbench/ModCraftingMenuMixin
[17:15:12] [main/INFO]: Loaded config for: betterfpsdist.json
[17:15:12] [main/WARN]: Error loading class: team/creative/enhancedvisuals/common/handler/ExplosionHandler (java.lang.ClassNotFoundException: team.creative.enhancedvisuals.common.handler.ExplosionHandler)
[17:15:12] [main/WARN]: @Mixin target team.creative.enhancedvisuals.common.handler.ExplosionHandler was not found moreartifacts.mixins.json:ExplosionHandlerMixin
